<?xml version="1.0" encoding="UTF-8"?>
<!-- Generated by org.testng.reporters.JUnitReportReporter -->
<testsuite name="test.TestCheckFilter" tests="1" time="14.719" ignored="0" failures="0" timestamp="05 мар 2018 10:48:27 GMT" skipped="0" hostname="NB1588SL" errors="0">
  <testcase name="TestCheckFilter" time="14.719" classname="test.TestCheckFilter"/>
</testsuite> <!-- test.TestCheckFilter -->
